21:27:41  DEBUG i.g.b.wdm.cache.ResolutionCache - Resolution chrome=96 in cache (valid until 22:24:22 21/11/2021 MSK)
21:27:41  DEBUG i.g.b.wdm.cache.ResolutionCache - Resolution chrome96=96.0.4664.45 in cache (valid until 21:24:22 22/11/2021 MSK)
21:27:41  INFO  i.g.bonigarcia.wdm.WebDriverManager - Using chromedriver 96.0.4664.45 (resolved driver for Chrome 96)
21:27:41  DEBUG i.g.bonigarcia.wdm.WebDriverManager - Driver chromedriver 96.0.4664.45 found in cache
21:27:41  INFO  i.g.bonigarcia.wdm.WebDriverManager - Exporting webdriver.chrome.driver as C:\Users\julia\.cache\selenium\chromedriver\win32\96.0.4664.45\chromedriver.exe
21:27:42  INFO  manager.ApplicationManager - Tests starts on ChromeDriver
21:28:10  INFO  test.TestBase - Start test--testChangeUserAvatar
21:28:10  INFO  manager.MyListener - Stert search element by locator--By.cssSelector: [data-test-id=header-member-menu-button]
21:28:11  INFO  manager.MyListener - Element with locator--By.cssSelector: [data-test-id=header-member-menu-button]was found
21:28:11  INFO  manager.MyListener - Stert search element by locator--By.cssSelector: [data-test-id='header-member-menu-profile']
21:28:11  INFO  manager.MyListener - Element with locator--By.cssSelector: [data-test-id='header-member-menu-profile']was found
21:28:11  INFO  manager.MyListener - Stert search element by locator--By.cssSelector: [href$='manage-profile']
21:28:11  INFO  manager.MyListener - Element with locator--By.cssSelector: [href$='manage-profile']was found
21:28:19  INFO  manager.MyListener - Stert search element by locator--By.cssSelector: [data-test-selector='profile-avatar']
21:28:19  INFO  manager.MyListener - Element with locator--By.cssSelector: [data-test-selector='profile-avatar']was found
21:28:19  INFO  manager.MyListener - Stert search element by locator--By.cssSelector: .css-j9ugw7
21:28:19  INFO  manager.MyListener - Element with locator--By.cssSelector: .css-j9ugw7was found
21:28:19  INFO  manager.MyListener - Stert search element by locator--By.xpath: //*[@role='menuitem'][1]
21:28:19  INFO  manager.MyListener - Element with locator--By.xpath: //*[@role='menuitem'][1]was found
21:28:19  INFO  manager.MyListener - Stert search element by locator--By.cssSelector: [id=image-input]
21:28:19  INFO  manager.MyListener - Element with locator--By.cssSelector: [id=image-input]was found
21:28:19  INFO  manager.MyListener - Stert search element by locator--By.xpath: //*[contains(.,'Upload')]/..
21:28:29  INFO  manager.MyListener - Something went wrong!!!!!
21:28:29  INFO  manager.MyListener - no such element: Unable to locate element: {"method":"xpath","selector":"//*[contains(.,'Upload')]/.."}
  (Session info: chrome=96.0.4664.45)
For documentation on this error, please visit: https://www.seleniumhq.org/exceptions/no_such_element.html
Build info: version: '3.141.59', revision: 'e82be7d358', time: '2018-11-14T08:17:03'
System info: host: 'LAPTOP-BETKQUU3', ip: '192.168.243.74', os.name: 'Windows 10', os.arch: 'amd64', os.version: '10.0', java.version: '1.8.0_301'
Driver info: org.openqa.selenium.chrome.ChromeDriver
Capabilities {acceptInsecureCerts: false, browserName: chrome, browserVersion: 96.0.4664.45, chrome: {chromedriverVersion: 96.0.4664.45 (76e4c1bb2ab46..., userDataDir: C:\Users\julia\AppData\Loca...}, goog:chromeOptions: {debuggerAddress: localhost:62970}, javascriptEnabled: true, networkConnectionEnabled: false, pageLoadStrategy: normal, platform: WINDOWS, platformName: WINDOWS, proxy: Proxy(), setWindowRect: true, strictFileInteractability: false, timeouts: {implicit: 0, pageLoad: 300000, script: 30000}, unhandledPromptBehavior: dismiss and notify, webauthn:extension:credBlob: true, webauthn:extension:largeBlob: true, webauthn:virtualAuthenticators: true}
Session ID: a28b4d08228fa1953c047184272f754c
*** Element info: {Using=xpath, value=//*[contains(.,'Upload')]/..}
21:28:29  INFO  manager.MyListener - org.openqa.selenium.NoSuchElementException: no such element: Unable to locate element: {"method":"xpath","selector":"//*[contains(.,'Upload')]/.."}
  (Session info: chrome=96.0.4664.45)
For documentation on this error, please visit: https://www.seleniumhq.org/exceptions/no_such_element.html
Build info: version: '3.141.59', revision: 'e82be7d358', time: '2018-11-14T08:17:03'
System info: host: 'LAPTOP-BETKQUU3', ip: '192.168.243.74', os.name: 'Windows 10', os.arch: 'amd64', os.version: '10.0', java.version: '1.8.0_301'
Driver info: org.openqa.selenium.chrome.ChromeDriver
Capabilities {acceptInsecureCerts: false, browserName: chrome, browserVersion: 96.0.4664.45, chrome: {chromedriverVersion: 96.0.4664.45 (76e4c1bb2ab46..., userDataDir: C:\Users\julia\AppData\Loca...}, goog:chromeOptions: {debuggerAddress: localhost:62970}, javascriptEnabled: true, networkConnectionEnabled: false, pageLoadStrategy: normal, platform: WINDOWS, platformName: WINDOWS, proxy: Proxy(), setWindowRect: true, strictFileInteractability: false, timeouts: {implicit: 0, pageLoad: 300000, script: 30000}, unhandledPromptBehavior: dismiss and notify, webauthn:extension:credBlob: true, webauthn:extension:largeBlob: true, webauthn:virtualAuthenticators: true}
Session ID: a28b4d08228fa1953c047184272f754c
*** Element info: {Using=xpath, value=//*[contains(.,'Upload')]/..}
21:28:29  INFO  manager.MyListener - This link to screenshot with error--src/test/screenshots/scrrenshot--1709.png
21:28:29  INFO  test.TestBase - ^^^^^^^^^^^^^^^^^^^^^^^^^^^^^^^^^^^^^^^^^^^^^^^^^^^^^^^^^^^^^^^^^^^^^^^^^^^^^^^^^^^^^^^
21:28:29  INFO  manager.ApplicationManager - Tests passed
